<?xml version="1.0" encoding="UTF-8"?>
<!-- Generated by org.testng.reporters.JUnitXMLReporter -->
<testsuite hostname="Sumit" ignored="0" name="Test" tests="16" failures="15" timestamp="2020-05-06T21:06:54 IST" time="5.127" errors="0">
  <testcase name="addValueExsitingData" time="0.014" classname="com.API_Testing.TestScripts.TC_11_AddValueInExsitingData">
    <failure type="java.io.FileNotFoundException" message="..\restassuredautomation_framwork\src\test\java\com\API_Testing\Resources\dummyJsonForkey.json (The system cannot find the path specified)">
      <![CDATA[java.io.FileNotFoundException: ..\restassuredautomation_framwork\src\test\java\com\API_Testing\Resources\dummyJsonForkey.json (The system cannot find the path specified)
at java.io.FileInputStream.open0(Native Method)
at java.io.FileInputStream.open(Unknown Source)
at java.io.FileInputStream.<init>(Unknown Source)
at java.io.FileInputStream.<init>(Unknown Source)
at java.io.FileReader.<init>(Unknown Source)
at com.API_Testing.Payloads.AlltypeDataRead.readJsonFile(AlltypeDataRead.java:28)
at com.API_Testing.TestScripts.TC_11_AddValueInExsitingData.addValueExsitingData(TC_11_AddValueInExsitingData.java:21)
at java.util.ArrayList.forEach(Unknown Source)
... Removed 27 stack frames]]>
    </failure>
  </testcase> <!-- addValueExsitingData -->
  <testcase name="createData" time="0.002" classname="com.API_Testing.TestScripts.TC_01_PostMethods">
    <failure type="java.io.FileNotFoundException" message="..\restassuredautomation_framwork\src\main\java\com\API_Testing\EnvironmentFiles\Environment_URI.properties (The system cannot find the path specified)">
      <![CDATA[java.io.FileNotFoundException: ..\restassuredautomation_framwork\src\main\java\com\API_Testing\EnvironmentFiles\Environment_URI.properties (The system cannot find the path specified)
at java.io.FileInputStream.open0(Native Method)
at java.io.FileInputStream.open(Unknown Source)
at java.io.FileInputStream.<init>(Unknown Source)
at java.io.FileInputStream.<init>(Unknown Source)
at com.API_Testing.utilities.Load_PropertiestFile.getPropertyFile(Load_PropertiestFile.java:23)
at com.API_Testing.TestScripts.TC_01_PostMethods.createData(TC_01_PostMethods.java:51)
at java.util.ArrayList.forEach(Unknown Source)
... Removed 27 stack frames]]>
    </failure>
  </testcase> <!-- createData -->
  <testcase name="pojoPostTest" time="0.003" classname="com.API_Testing.TestScripts.TC_10_PostDataUsingPojo">
    <failure type="java.io.FileNotFoundException" message="..\restassuredautomation_framwork\src\main\java\com\API_Testing\EnvironmentFiles\Environment_URI.properties (The system cannot find the path specified)">
      <![CDATA[java.io.FileNotFoundException: ..\restassuredautomation_framwork\src\main\java\com\API_Testing\EnvironmentFiles\Environment_URI.properties (The system cannot find the path specified)
at java.io.FileInputStream.open0(Native Method)
at java.io.FileInputStream.open(Unknown Source)
at java.io.FileInputStream.<init>(Unknown Source)
at java.io.FileInputStream.<init>(Unknown Source)
at com.API_Testing.utilities.Load_PropertiestFile.getPropertyFile(Load_PropertiestFile.java:23)
at com.API_Testing.TestScripts.TC_10_PostDataUsingPojo.pojoPostTest(TC_10_PostDataUsingPojo.java:57)
at java.util.ArrayList.forEach(Unknown Source)
... Removed 27 stack frames]]>
    </failure>
  </testcase> <!-- pojoPostTest -->
  <testcase name="fetchValuedata" time="0.002" classname="com.API_Testing.TestScripts.TC_08_GetDatabyKey">
    <failure type="java.io.FileNotFoundException" message="..\restassuredautomation_framwork\src\test\java\com\API_Testing\Resources\dummyJsonForkey.json (The system cannot find the path specified)">
      <![CDATA[java.io.FileNotFoundException: ..\restassuredautomation_framwork\src\test\java\com\API_Testing\Resources\dummyJsonForkey.json (The system cannot find the path specified)
at java.io.FileInputStream.open0(Native Method)
at java.io.FileInputStream.open(Unknown Source)
at java.io.FileInputStream.<init>(Unknown Source)
at java.io.FileInputStream.<init>(Unknown Source)
at java.io.FileReader.<init>(Unknown Source)
at com.API_Testing.Payloads.AlltypeDataRead.readJsonFile(AlltypeDataRead.java:28)
at com.API_Testing.TestScripts.TC_08_GetDatabyKey.fetchValuedata(TC_08_GetDatabyKey.java:24)
at java.util.ArrayList.forEach(Unknown Source)
... Removed 27 stack frames]]>
    </failure>
  </testcase> <!-- fetchValuedata -->
  <testcase name="createData" time="0.002" classname="com.API_Testing.TestScripts.TC_01_PostMethods">
    <failure type="java.io.FileNotFoundException" message="..\restassuredautomation_framwork\src\main\java\com\API_Testing\EnvironmentFiles\Environment_URI.properties (The system cannot find the path specified)">
      <![CDATA[java.io.FileNotFoundException: ..\restassuredautomation_framwork\src\main\java\com\API_Testing\EnvironmentFiles\Environment_URI.properties (The system cannot find the path specified)
at java.io.FileInputStream.open0(Native Method)
at java.io.FileInputStream.open(Unknown Source)
at java.io.FileInputStream.<init>(Unknown Source)
at java.io.FileInputStream.<init>(Unknown Source)
at com.API_Testing.utilities.Load_PropertiestFile.getPropertyFile(Load_PropertiestFile.java:23)
at com.API_Testing.TestScripts.TC_01_PostMethods.createData(TC_01_PostMethods.java:51)
at java.util.ArrayList.forEach(Unknown Source)
... Removed 27 stack frames]]>
    </failure>
  </testcase> <!-- createData -->
  <testcase name="updateRecord" time="0.002" classname="com.API_Testing.TestScripts.TC_03_PUTRequest">
    <failure type="java.io.FileNotFoundException" message="..\restassuredautomation_framwork\src\main\java\com\API_Testing\EnvironmentFiles\Environment_URI.properties (The system cannot find the path specified)">
      <![CDATA[java.io.FileNotFoundException: ..\restassuredautomation_framwork\src\main\java\com\API_Testing\EnvironmentFiles\Environment_URI.properties (The system cannot find the path specified)
at java.io.FileInputStream.open0(Native Method)
at java.io.FileInputStream.open(Unknown Source)
at java.io.FileInputStream.<init>(Unknown Source)
at java.io.FileInputStream.<init>(Unknown Source)
at com.API_Testing.utilities.Load_PropertiestFile.getPropertyFile(Load_PropertiestFile.java:23)
at com.API_Testing.TestScripts.TC_03_PUTRequest.updateRecord(TC_03_PUTRequest.java:46)
at java.util.ArrayList.forEach(Unknown Source)
... Removed 27 stack frames]]>
    </failure>
  </testcase> <!-- updateRecord -->
  <testcase name="replaceVarialbes" time="0.003" classname="com.API_Testing.TestScripts.TC_07_ReplaceDynamicjSonVarialbles">
    <failure type="java.io.FileNotFoundException" message="..\restassuredautomation_framwork\src\test\java\com\API_Testing\Resources\dynamicVariableBody.json (The system cannot find the path specified)">
      <![CDATA[java.io.FileNotFoundException: ..\restassuredautomation_framwork\src\test\java\com\API_Testing\Resources\dynamicVariableBody.json (The system cannot find the path specified)
at java.io.FileInputStream.open0(Native Method)
at java.io.FileInputStream.open(Unknown Source)
at java.io.FileInputStream.<init>(Unknown Source)
at java.io.FileInputStream.<init>(Unknown Source)
at java.io.FileReader.<init>(Unknown Source)
at com.API_Testing.Payloads.AlltypeDataRead.readJsonFile(AlltypeDataRead.java:28)
at com.API_Testing.utilities.ReplaceVariablesValuesAsperkeys.replaceVariablesAsPerKeys(ReplaceVariablesValuesAsperkeys.java:24)
at com.API_Testing.TestScripts.TC_07_ReplaceDynamicjSonVarialbles.replaceVarialbes(TC_07_ReplaceDynamicjSonVarialbles.java:27)
at java.util.ArrayList.forEach(Unknown Source)
... Removed 27 stack frames]]>
    </failure>
  </testcase> <!-- replaceVarialbes -->
  <testcase name="getAllRecords" time="0.002" classname="com.API_Testing.TestScripts.TC_06_GetALLData">
    <failure type="java.io.FileNotFoundException" message="..\restassuredautomation_framwork\src\main\java\com\API_Testing\EnvironmentFiles\Environment_URI.properties (The system cannot find the path specified)">
      <![CDATA[java.io.FileNotFoundException: ..\restassuredautomation_framwork\src\main\java\com\API_Testing\EnvironmentFiles\Environment_URI.properties (The system cannot find the path specified)
at java.io.FileInputStream.open0(Native Method)
at java.io.FileInputStream.open(Unknown Source)
at java.io.FileInputStream.<init>(Unknown Source)
at java.io.FileInputStream.<init>(Unknown Source)
at com.API_Testing.utilities.Load_PropertiestFile.getPropertyFile(Load_PropertiestFile.java:23)
at com.API_Testing.TestScripts.TC_06_GetALLData.getAllRecords(TC_06_GetALLData.java:25)
at java.util.ArrayList.forEach(Unknown Source)
... Removed 27 stack frames]]>
    </failure>
  </testcase> <!-- getAllRecords -->
  <testcase name="generateRecordOnGitServer" time="4.879" classname="com.API_Testing.TestScripts.TC_12_CheckGitHubServer"/>
  <testcase name="createData" time="0.002" classname="com.API_Testing.TestScripts.TC_01_PostMethods">
    <failure type="java.io.FileNotFoundException" message="..\restassuredautomation_framwork\src\main\java\com\API_Testing\EnvironmentFiles\Environment_URI.properties (The system cannot find the path specified)">
      <![CDATA[java.io.FileNotFoundException: ..\restassuredautomation_framwork\src\main\java\com\API_Testing\EnvironmentFiles\Environment_URI.properties (The system cannot find the path specified)
at java.io.FileInputStream.open0(Native Method)
at java.io.FileInputStream.open(Unknown Source)
at java.io.FileInputStream.<init>(Unknown Source)
at java.io.FileInputStream.<init>(Unknown Source)
at com.API_Testing.utilities.Load_PropertiestFile.getPropertyFile(Load_PropertiestFile.java:23)
at com.API_Testing.TestScripts.TC_01_PostMethods.createData(TC_01_PostMethods.java:51)
at java.util.ArrayList.forEach(Unknown Source)
... Removed 27 stack frames]]>
    </failure>
  </testcase> <!-- createData -->
  <testcase name="getIDData" time="0.002" classname="com.API_Testing.TestScripts.TC_02_GetPerticulerIddata">
    <failure type="java.io.FileNotFoundException" message="..\restassuredautomation_framwork\src\main\java\com\API_Testing\EnvironmentFiles\Environment_URI.properties (The system cannot find the path specified)">
      <![CDATA[java.io.FileNotFoundException: ..\restassuredautomation_framwork\src\main\java\com\API_Testing\EnvironmentFiles\Environment_URI.properties (The system cannot find the path specified)
at java.io.FileInputStream.open0(Native Method)
at java.io.FileInputStream.open(Unknown Source)
at java.io.FileInputStream.<init>(Unknown Source)
at java.io.FileInputStream.<init>(Unknown Source)
at com.API_Testing.utilities.Load_PropertiestFile.getPropertyFile(Load_PropertiestFile.java:23)
at com.API_Testing.TestScripts.TC_02_GetPerticulerIddata.getIDData(TC_02_GetPerticulerIddata.java:34)
at java.util.ArrayList.forEach(Unknown Source)
... Removed 27 stack frames]]>
    </failure>
  </testcase> <!-- getIDData -->
  <testcase name="createData" time="0.003" classname="com.API_Testing.TestScripts.TC_01_PostMethods">
    <failure type="java.io.FileNotFoundException" message="..\restassuredautomation_framwork\src\main\java\com\API_Testing\EnvironmentFiles\Environment_URI.properties (The system cannot find the path specified)">
      <![CDATA[java.io.FileNotFoundException: ..\restassuredautomation_framwork\src\main\java\com\API_Testing\EnvironmentFiles\Environment_URI.properties (The system cannot find the path specified)
at java.io.FileInputStream.open0(Native Method)
at java.io.FileInputStream.open(Unknown Source)
at java.io.FileInputStream.<init>(Unknown Source)
at java.io.FileInputStream.<init>(Unknown Source)
at com.API_Testing.utilities.Load_PropertiestFile.getPropertyFile(Load_PropertiestFile.java:23)
at com.API_Testing.TestScripts.TC_01_PostMethods.createData(TC_01_PostMethods.java:51)
at java.util.ArrayList.forEach(Unknown Source)
... Removed 27 stack frames]]>
    </failure>
  </testcase> <!-- createData -->
  <testcase name="deleteData" time="0.002" classname="com.API_Testing.TestScripts.TC_05_DeleteRequestData">
    <failure type="java.io.FileNotFoundException" message="..\restassuredautomation_framwork\src\main\java\com\API_Testing\EnvironmentFiles\Environment_URI.properties (The system cannot find the path specified)">
      <![CDATA[java.io.FileNotFoundException: ..\restassuredautomation_framwork\src\main\java\com\API_Testing\EnvironmentFiles\Environment_URI.properties (The system cannot find the path specified)
at java.io.FileInputStream.open0(Native Method)
at java.io.FileInputStream.open(Unknown Source)
at java.io.FileInputStream.<init>(Unknown Source)
at java.io.FileInputStream.<init>(Unknown Source)
at com.API_Testing.utilities.Load_PropertiestFile.getPropertyFile(Load_PropertiestFile.java:23)
at com.API_Testing.TestScripts.TC_05_DeleteRequestData.deleteData(TC_05_DeleteRequestData.java:25)
at java.util.ArrayList.forEach(Unknown Source)
... Removed 27 stack frames]]>
    </failure>
  </testcase> <!-- deleteData -->
  <testcase name="createData" time="0.004" classname="com.API_Testing.TestScripts.TC_01_PostMethods">
    <failure type="java.io.FileNotFoundException" message="..\restassuredautomation_framwork\src\main\java\com\API_Testing\EnvironmentFiles\Environment_URI.properties (The system cannot find the path specified)">
      <![CDATA[java.io.FileNotFoundException: ..\restassuredautomation_framwork\src\main\java\com\API_Testing\EnvironmentFiles\Environment_URI.properties (The system cannot find the path specified)
at java.io.FileInputStream.open0(Native Method)
at java.io.FileInputStream.open(Unknown Source)
at java.io.FileInputStream.<init>(Unknown Source)
at java.io.FileInputStream.<init>(Unknown Source)
at com.API_Testing.utilities.Load_PropertiestFile.getPropertyFile(Load_PropertiestFile.java:23)
at com.API_Testing.TestScripts.TC_01_PostMethods.createData(TC_01_PostMethods.java:51)
at java.util.ArrayList.forEach(Unknown Source)
... Removed 27 stack frames]]>
    </failure>
  </testcase> <!-- createData -->
  <testcase name="updateSpecificData" time="0.006" classname="com.API_Testing.TestScripts.TC_04_PatchRequest">
    <failure type="java.io.FileNotFoundException" message="..\restassuredautomation_framwork\src\main\java\com\API_Testing\EnvironmentFiles\Environment_URI.properties (The system cannot find the path specified)">
      <![CDATA[java.io.FileNotFoundException: ..\restassuredautomation_framwork\src\main\java\com\API_Testing\EnvironmentFiles\Environment_URI.properties (The system cannot find the path specified)
at java.io.FileInputStream.open0(Native Method)
at java.io.FileInputStream.open(Unknown Source)
at java.io.FileInputStream.<init>(Unknown Source)
at java.io.FileInputStream.<init>(Unknown Source)
at com.API_Testing.utilities.Load_PropertiestFile.getPropertyFile(Load_PropertiestFile.java:23)
at com.API_Testing.TestScripts.TC_04_PatchRequest.updateSpecificData(TC_04_PatchRequest.java:33)
at java.util.ArrayList.forEach(Unknown Source)
... Removed 27 stack frames]]>
    </failure>
  </testcase> <!-- updateSpecificData -->
  <testcase name="comparetoJson" time="0.002" classname="com.API_Testing.TestScripts.TC_09CompareJSonTwoFile">
    <failure type="java.io.FileNotFoundException" message="..\restassuredautomation_framwork\src\test\java\com\API_Testing\Resources\JSONforCompare1.json (The system cannot find the path specified)">
      <![CDATA[java.io.FileNotFoundException: ..\restassuredautomation_framwork\src\test\java\com\API_Testing\Resources\JSONforCompare1.json (The system cannot find the path specified)
at java.io.FileInputStream.open0(Native Method)
at java.io.FileInputStream.open(Unknown Source)
at java.io.FileInputStream.<init>(Unknown Source)
at java.io.FileInputStream.<init>(Unknown Source)
at java.io.FileReader.<init>(Unknown Source)
at com.API_Testing.Payloads.AlltypeDataRead.readJsonFile(AlltypeDataRead.java:28)
at com.API_Testing.TestScripts.TC_09CompareJSonTwoFile.comparetoJson(TC_09CompareJSonTwoFile.java:23)
at java.util.ArrayList.forEach(Unknown Source)
... Removed 27 stack frames]]>
    </failure>
  </testcase> <!-- comparetoJson -->
</testsuite> <!-- Test -->
