<?xml version="1.0" encoding="UTF-8"?>
<testng-results skipped="0" failed="15" ignored="0" total="16" passed="1">
  <reporter-output>
  </reporter-output>
  <suite name="Suite" duration-ms="5127" started-at="2020-05-06T21:06:49 IST" finished-at="2020-05-06T21:06:54 IST">
    <groups>
    </groups>
    <test name="Test" duration-ms="5127" started-at="2020-05-06T21:06:49 IST" finished-at="2020-05-06T21:06:54 IST">
      <class name="com.API_Testing.TestScripts.TC_03_PUTRequest">
        <test-method status="PASS" signature="jsonBody()[pri:0, instance:com.API_Testing.TestScripts.TC_03_PUTRequest@5faeada1]" name="jsonBody" is-config="true" duration-ms="1" started-at="2020-05-06T21:06:49 IST" finished-at="2020-05-06T21:06:49 IST">
          <reporter-output>
          </reporter-output>
        </test-method> <!-- jsonBody -->
        <test-method status="PASS" signature="dataForUpdateExisitingRecords()[pri:0, instance:com.API_Testing.TestScripts.TC_03_PUTRequest@5faeada1]" name="dataForUpdateExisitingRecords" is-config="true" duration-ms="0" started-at="2020-05-06T21:06:49 IST" finished-at="2020-05-06T21:06:49 IST">
          <reporter-output>
          </reporter-output>
        </test-method> <!-- dataForUpdateExisitingRecords -->
        <test-method status="FAIL" signature="createData()[pri:0, instance:com.API_Testing.TestScripts.TC_03_PUTRequest@5faeada1]" name="createData" duration-ms="2" started-at="2020-05-06T21:06:49 IST" finished-at="2020-05-06T21:06:49 IST">
          <exception class="java.io.FileNotFoundException">
            <message>
              <![CDATA[..\restassuredautomation_framwork\src\main\java\com\API_Testing\EnvironmentFiles\Environment_URI.properties (The system cannot find the path specified)]]>
            </message>
            <full-stacktrace>
              <![CDATA[java.io.FileNotFoundException: ..\restassuredautomation_framwork\src\main\java\com\API_Testing\EnvironmentFiles\Environment_URI.properties (The system cannot find the path specified)
at java.io.FileInputStream.open0(Native Method)
at java.io.FileInputStream.open(Unknown Source)
at java.io.FileInputStream.<init>(Unknown Source)
at java.io.FileInputStream.<init>(Unknown Source)
at com.API_Testing.utilities.Load_PropertiestFile.getPropertyFile(Load_PropertiestFile.java:23)
at com.API_Testing.TestScripts.TC_01_PostMethods.createData(TC_01_PostMethods.java:51)
at sun.reflect.NativeMethodAccessorImpl.invoke0(Native Method)
at sun.reflect.NativeMethodAccessorImpl.invoke(Unknown Source)
at sun.reflect.DelegatingMethodAccessorImpl.invoke(Unknown Source)
at java.lang.reflect.Method.invoke(Unknown Source)
at org.testng.internal.MethodInvocationHelper.invokeMethod(MethodInvocationHelper.java:135)
at org.testng.internal.TestInvoker.invokeMethod(TestInvoker.java:598)
at org.testng.internal.TestInvoker.invokeTestMethod(TestInvoker.java:174)
at org.testng.internal.MethodRunner.runInSequence(MethodRunner.java:46)
at org.testng.internal.TestInvoker$MethodInvocationAgent.invoke(TestInvoker.java:821)
at org.testng.internal.TestInvoker.invokeTestMethods(TestInvoker.java:147)
at org.testng.internal.TestMethodWorker.invokeTestMethods(TestMethodWorker.java:146)
at org.testng.internal.TestMethodWorker.run(TestMethodWorker.java:128)
at java.util.ArrayList.forEach(Unknown Source)
at org.testng.TestRunner.privateRun(TestRunner.java:767)
at org.testng.TestRunner.run(TestRunner.java:588)
at org.testng.SuiteRunner.runTest(SuiteRunner.java:384)
at org.testng.SuiteRunner.runSequentially(SuiteRunner.java:378)
at org.testng.SuiteRunner.privateRun(SuiteRunner.java:337)
at org.testng.SuiteRunner.run(SuiteRunner.java:286)
at org.testng.SuiteRunnerWorker.runSuite(SuiteRunnerWorker.java:53)
at org.testng.SuiteRunnerWorker.run(SuiteRunnerWorker.java:96)
at org.testng.TestNG.runSuitesSequentially(TestNG.java:1214)
at org.testng.TestNG.runSuitesLocally(TestNG.java:1136)
at org.testng.TestNG.runSuites(TestNG.java:1066)
at org.testng.TestNG.run(TestNG.java:1034)
at org.testng.remote.AbstractRemoteTestNG.run(AbstractRemoteTestNG.java:115)
at org.testng.remote.RemoteTestNG.initAndRun(RemoteTestNG.java:251)
at org.testng.remote.RemoteTestNG.main(RemoteTestNG.java:77)
]]>
            </full-stacktrace>
          </exception> <!-- java.io.FileNotFoundException -->
          <reporter-output>
          </reporter-output>
        </test-method> <!-- createData -->
        <test-method status="PASS" signature="jsonBody()[pri:0, instance:com.API_Testing.TestScripts.TC_03_PUTRequest@5faeada1]" name="jsonBody" is-config="true" duration-ms="0" started-at="2020-05-06T21:06:49 IST" finished-at="2020-05-06T21:06:49 IST">
          <reporter-output>
          </reporter-output>
        </test-method> <!-- jsonBody -->
        <test-method status="PASS" signature="dataForUpdateExisitingRecords()[pri:0, instance:com.API_Testing.TestScripts.TC_03_PUTRequest@5faeada1]" name="dataForUpdateExisitingRecords" is-config="true" duration-ms="1" started-at="2020-05-06T21:06:49 IST" finished-at="2020-05-06T21:06:49 IST">
          <reporter-output>
          </reporter-output>
        </test-method> <!-- dataForUpdateExisitingRecords -->
        <test-method status="FAIL" signature="updateRecord()[pri:0, instance:com.API_Testing.TestScripts.TC_03_PUTRequest@5faeada1]" name="updateRecord" duration-ms="2" started-at="2020-05-06T21:06:49 IST" finished-at="2020-05-06T21:06:49 IST">
          <exception class="java.io.FileNotFoundException">
            <message>
              <![CDATA[..\restassuredautomation_framwork\src\main\java\com\API_Testing\EnvironmentFiles\Environment_URI.properties (The system cannot find the path specified)]]>
            </message>
            <full-stacktrace>
              <![CDATA[java.io.FileNotFoundException: ..\restassuredautomation_framwork\src\main\java\com\API_Testing\EnvironmentFiles\Environment_URI.properties (The system cannot find the path specified)
at java.io.FileInputStream.open0(Native Method)
at java.io.FileInputStream.open(Unknown Source)
at java.io.FileInputStream.<init>(Unknown Source)
at java.io.FileInputStream.<init>(Unknown Source)
at com.API_Testing.utilities.Load_PropertiestFile.getPropertyFile(Load_PropertiestFile.java:23)
at com.API_Testing.TestScripts.TC_03_PUTRequest.updateRecord(TC_03_PUTRequest.java:46)
at sun.reflect.NativeMethodAccessorImpl.invoke0(Native Method)
at sun.reflect.NativeMethodAccessorImpl.invoke(Unknown Source)
at sun.reflect.DelegatingMethodAccessorImpl.invoke(Unknown Source)
at java.lang.reflect.Method.invoke(Unknown Source)
at org.testng.internal.MethodInvocationHelper.invokeMethod(MethodInvocationHelper.java:135)
at org.testng.internal.TestInvoker.invokeMethod(TestInvoker.java:598)
at org.testng.internal.TestInvoker.invokeTestMethod(TestInvoker.java:174)
at org.testng.internal.MethodRunner.runInSequence(MethodRunner.java:46)
at org.testng.internal.TestInvoker$MethodInvocationAgent.invoke(TestInvoker.java:821)
at org.testng.internal.TestInvoker.invokeTestMethods(TestInvoker.java:147)
at org.testng.internal.TestMethodWorker.invokeTestMethods(TestMethodWorker.java:146)
at org.testng.internal.TestMethodWorker.run(TestMethodWorker.java:128)
at java.util.ArrayList.forEach(Unknown Source)
at org.testng.TestRunner.privateRun(TestRunner.java:767)
at org.testng.TestRunner.run(TestRunner.java:588)
at org.testng.SuiteRunner.runTest(SuiteRunner.java:384)
at org.testng.SuiteRunner.runSequentially(SuiteRunner.java:378)
at org.testng.SuiteRunner.privateRun(SuiteRunner.java:337)
at org.testng.SuiteRunner.run(SuiteRunner.java:286)
at org.testng.SuiteRunnerWorker.runSuite(SuiteRunnerWorker.java:53)
at org.testng.SuiteRunnerWorker.run(SuiteRunnerWorker.java:96)
at org.testng.TestNG.runSuitesSequentially(TestNG.java:1214)
at org.testng.TestNG.runSuitesLocally(TestNG.java:1136)
at org.testng.TestNG.runSuites(TestNG.java:1066)
at org.testng.TestNG.run(TestNG.java:1034)
at org.testng.remote.AbstractRemoteTestNG.run(AbstractRemoteTestNG.java:115)
at org.testng.remote.RemoteTestNG.initAndRun(RemoteTestNG.java:251)
at org.testng.remote.RemoteTestNG.main(RemoteTestNG.java:77)
]]>
            </full-stacktrace>
          </exception> <!-- java.io.FileNotFoundException -->
          <reporter-output>
          </reporter-output>
        </test-method> <!-- updateRecord -->
      </class> <!-- com.API_Testing.TestScripts.TC_03_PUTRequest -->
      <class name="com.API_Testing.TestScripts.TC_07_ReplaceDynamicjSonVarialbles">
        <test-method status="FAIL" signature="replaceVarialbes()[pri:0, instance:com.API_Testing.TestScripts.TC_07_ReplaceDynamicjSonVarialbles@528931cf]" name="replaceVarialbes" duration-ms="3" started-at="2020-05-06T21:06:49 IST" finished-at="2020-05-06T21:06:49 IST">
          <exception class="java.io.FileNotFoundException">
            <message>
              <![CDATA[..\restassuredautomation_framwork\src\test\java\com\API_Testing\Resources\dynamicVariableBody.json (The system cannot find the path specified)]]>
            </message>
            <full-stacktrace>
              <![CDATA[java.io.FileNotFoundException: ..\restassuredautomation_framwork\src\test\java\com\API_Testing\Resources\dynamicVariableBody.json (The system cannot find the path specified)
at java.io.FileInputStream.open0(Native Method)
at java.io.FileInputStream.open(Unknown Source)
at java.io.FileInputStream.<init>(Unknown Source)
at java.io.FileInputStream.<init>(Unknown Source)
at java.io.FileReader.<init>(Unknown Source)
at com.API_Testing.Payloads.AlltypeDataRead.readJsonFile(AlltypeDataRead.java:28)
at com.API_Testing.utilities.ReplaceVariablesValuesAsperkeys.replaceVariablesAsPerKeys(ReplaceVariablesValuesAsperkeys.java:24)
at com.API_Testing.TestScripts.TC_07_ReplaceDynamicjSonVarialbles.replaceVarialbes(TC_07_ReplaceDynamicjSonVarialbles.java:27)
at sun.reflect.NativeMethodAccessorImpl.invoke0(Native Method)
at sun.reflect.NativeMethodAccessorImpl.invoke(Unknown Source)
at sun.reflect.DelegatingMethodAccessorImpl.invoke(Unknown Source)
at java.lang.reflect.Method.invoke(Unknown Source)
at org.testng.internal.MethodInvocationHelper.invokeMethod(MethodInvocationHelper.java:135)
at org.testng.internal.TestInvoker.invokeMethod(TestInvoker.java:598)
at org.testng.internal.TestInvoker.invokeTestMethod(TestInvoker.java:174)
at org.testng.internal.MethodRunner.runInSequence(MethodRunner.java:46)
at org.testng.internal.TestInvoker$MethodInvocationAgent.invoke(TestInvoker.java:821)
at org.testng.internal.TestInvoker.invokeTestMethods(TestInvoker.java:147)
at org.testng.internal.TestMethodWorker.invokeTestMethods(TestMethodWorker.java:146)
at org.testng.internal.TestMethodWorker.run(TestMethodWorker.java:128)
at java.util.ArrayList.forEach(Unknown Source)
at org.testng.TestRunner.privateRun(TestRunner.java:767)
at org.testng.TestRunner.run(TestRunner.java:588)
at org.testng.SuiteRunner.runTest(SuiteRunner.java:384)
at org.testng.SuiteRunner.runSequentially(SuiteRunner.java:378)
at org.testng.SuiteRunner.privateRun(SuiteRunner.java:337)
at org.testng.SuiteRunner.run(SuiteRunner.java:286)
at org.testng.SuiteRunnerWorker.runSuite(SuiteRunnerWorker.java:53)
at org.testng.SuiteRunnerWorker.run(SuiteRunnerWorker.java:96)
at org.testng.TestNG.runSuitesSequentially(TestNG.java:1214)
at org.testng.TestNG.runSuitesLocally(TestNG.java:1136)
at org.testng.TestNG.runSuites(TestNG.java:1066)
at org.testng.TestNG.run(TestNG.java:1034)
at org.testng.remote.AbstractRemoteTestNG.run(AbstractRemoteTestNG.java:115)
at org.testng.remote.RemoteTestNG.initAndRun(RemoteTestNG.java:251)
at org.testng.remote.RemoteTestNG.main(RemoteTestNG.java:77)
]]>
            </full-stacktrace>
          </exception> <!-- java.io.FileNotFoundException -->
          <reporter-output>
          </reporter-output>
        </test-method> <!-- replaceVarialbes -->
      </class> <!-- com.API_Testing.TestScripts.TC_07_ReplaceDynamicjSonVarialbles -->
      <class name="com.API_Testing.TestScripts.TC_12_CheckGitHubServer">
        <test-method status="PASS" signature="dataForGenerate()[pri:0, instance:com.API_Testing.TestScripts.TC_12_CheckGitHubServer@1563da5]" name="dataForGenerate" is-config="true" duration-ms="2" started-at="2020-05-06T21:06:49 IST" finished-at="2020-05-06T21:06:49 IST">
          <reporter-output>
          </reporter-output>
        </test-method> <!-- dataForGenerate -->
        <test-method status="PASS" signature="generateRecordOnGitServer()[pri:0, instance:com.API_Testing.TestScripts.TC_12_CheckGitHubServer@1563da5]" name="generateRecordOnGitServer" duration-ms="4879" started-at="2020-05-06T21:06:49 IST" finished-at="2020-05-06T21:06:54 IST">
          <reporter-output>
          </reporter-output>
        </test-method> <!-- generateRecordOnGitServer -->
      </class> <!-- com.API_Testing.TestScripts.TC_12_CheckGitHubServer -->
      <class name="com.API_Testing.TestScripts.TC_06_GetALLData">
        <test-method status="FAIL" signature="getAllRecords()[pri:0, instance:com.API_Testing.TestScripts.TC_06_GetALLData@ea1a8d5]" name="getAllRecords" duration-ms="2" started-at="2020-05-06T21:06:49 IST" finished-at="2020-05-06T21:06:49 IST">
          <exception class="java.io.FileNotFoundException">
            <message>
              <![CDATA[..\restassuredautomation_framwork\src\main\java\com\API_Testing\EnvironmentFiles\Environment_URI.properties (The system cannot find the path specified)]]>
            </message>
            <full-stacktrace>
              <![CDATA[java.io.FileNotFoundException: ..\restassuredautomation_framwork\src\main\java\com\API_Testing\EnvironmentFiles\Environment_URI.properties (The system cannot find the path specified)
at java.io.FileInputStream.open0(Native Method)
at java.io.FileInputStream.open(Unknown Source)
at java.io.FileInputStream.<init>(Unknown Source)
at java.io.FileInputStream.<init>(Unknown Source)
at com.API_Testing.utilities.Load_PropertiestFile.getPropertyFile(Load_PropertiestFile.java:23)
at com.API_Testing.TestScripts.TC_06_GetALLData.getAllRecords(TC_06_GetALLData.java:25)
at sun.reflect.NativeMethodAccessorImpl.invoke0(Native Method)
at sun.reflect.NativeMethodAccessorImpl.invoke(Unknown Source)
at sun.reflect.DelegatingMethodAccessorImpl.invoke(Unknown Source)
at java.lang.reflect.Method.invoke(Unknown Source)
at org.testng.internal.MethodInvocationHelper.invokeMethod(MethodInvocationHelper.java:135)
at org.testng.internal.TestInvoker.invokeMethod(TestInvoker.java:598)
at org.testng.internal.TestInvoker.invokeTestMethod(TestInvoker.java:174)
at org.testng.internal.MethodRunner.runInSequence(MethodRunner.java:46)
at org.testng.internal.TestInvoker$MethodInvocationAgent.invoke(TestInvoker.java:821)
at org.testng.internal.TestInvoker.invokeTestMethods(TestInvoker.java:147)
at org.testng.internal.TestMethodWorker.invokeTestMethods(TestMethodWorker.java:146)
at org.testng.internal.TestMethodWorker.run(TestMethodWorker.java:128)
at java.util.ArrayList.forEach(Unknown Source)
at org.testng.TestRunner.privateRun(TestRunner.java:767)
at org.testng.TestRunner.run(TestRunner.java:588)
at org.testng.SuiteRunner.runTest(SuiteRunner.java:384)
at org.testng.SuiteRunner.runSequentially(SuiteRunner.java:378)
at org.testng.SuiteRunner.privateRun(SuiteRunner.java:337)
at org.testng.SuiteRunner.run(SuiteRunner.java:286)
at org.testng.SuiteRunnerWorker.runSuite(SuiteRunnerWorker.java:53)
at org.testng.SuiteRunnerWorker.run(SuiteRunnerWorker.java:96)
at org.testng.TestNG.runSuitesSequentially(TestNG.java:1214)
at org.testng.TestNG.runSuitesLocally(TestNG.java:1136)
at org.testng.TestNG.runSuites(TestNG.java:1066)
at org.testng.TestNG.run(TestNG.java:1034)
at org.testng.remote.AbstractRemoteTestNG.run(AbstractRemoteTestNG.java:115)
at org.testng.remote.RemoteTestNG.initAndRun(RemoteTestNG.java:251)
at org.testng.remote.RemoteTestNG.main(RemoteTestNG.java:77)
]]>
            </full-stacktrace>
          </exception> <!-- java.io.FileNotFoundException -->
          <reporter-output>
          </reporter-output>
        </test-method> <!-- getAllRecords -->
      </class> <!-- com.API_Testing.TestScripts.TC_06_GetALLData -->
      <class name="com.API_Testing.TestScripts.TC_02_GetPerticulerIddata">
        <test-method status="PASS" signature="jsonBody()[pri:0, instance:com.API_Testing.TestScripts.TC_02_GetPerticulerIddata@2bbf4b8b]" name="jsonBody" is-config="true" duration-ms="1" started-at="2020-05-06T21:06:54 IST" finished-at="2020-05-06T21:06:54 IST">
          <reporter-output>
          </reporter-output>
        </test-method> <!-- jsonBody -->
        <test-method status="FAIL" signature="createData()[pri:0, instance:com.API_Testing.TestScripts.TC_02_GetPerticulerIddata@2bbf4b8b]" name="createData" duration-ms="2" started-at="2020-05-06T21:06:54 IST" finished-at="2020-05-06T21:06:54 IST">
          <exception class="java.io.FileNotFoundException">
            <message>
              <![CDATA[..\restassuredautomation_framwork\src\main\java\com\API_Testing\EnvironmentFiles\Environment_URI.properties (The system cannot find the path specified)]]>
            </message>
            <full-stacktrace>
              <![CDATA[java.io.FileNotFoundException: ..\restassuredautomation_framwork\src\main\java\com\API_Testing\EnvironmentFiles\Environment_URI.properties (The system cannot find the path specified)
at java.io.FileInputStream.open0(Native Method)
at java.io.FileInputStream.open(Unknown Source)
at java.io.FileInputStream.<init>(Unknown Source)
at java.io.FileInputStream.<init>(Unknown Source)
at com.API_Testing.utilities.Load_PropertiestFile.getPropertyFile(Load_PropertiestFile.java:23)
at com.API_Testing.TestScripts.TC_01_PostMethods.createData(TC_01_PostMethods.java:51)
at sun.reflect.NativeMethodAccessorImpl.invoke0(Native Method)
at sun.reflect.NativeMethodAccessorImpl.invoke(Unknown Source)
at sun.reflect.DelegatingMethodAccessorImpl.invoke(Unknown Source)
at java.lang.reflect.Method.invoke(Unknown Source)
at org.testng.internal.MethodInvocationHelper.invokeMethod(MethodInvocationHelper.java:135)
at org.testng.internal.TestInvoker.invokeMethod(TestInvoker.java:598)
at org.testng.internal.TestInvoker.invokeTestMethod(TestInvoker.java:174)
at org.testng.internal.MethodRunner.runInSequence(MethodRunner.java:46)
at org.testng.internal.TestInvoker$MethodInvocationAgent.invoke(TestInvoker.java:821)
at org.testng.internal.TestInvoker.invokeTestMethods(TestInvoker.java:147)
at org.testng.internal.TestMethodWorker.invokeTestMethods(TestMethodWorker.java:146)
at org.testng.internal.TestMethodWorker.run(TestMethodWorker.java:128)
at java.util.ArrayList.forEach(Unknown Source)
at org.testng.TestRunner.privateRun(TestRunner.java:767)
at org.testng.TestRunner.run(TestRunner.java:588)
at org.testng.SuiteRunner.runTest(SuiteRunner.java:384)
at org.testng.SuiteRunner.runSequentially(SuiteRunner.java:378)
at org.testng.SuiteRunner.privateRun(SuiteRunner.java:337)
at org.testng.SuiteRunner.run(SuiteRunner.java:286)
at org.testng.SuiteRunnerWorker.runSuite(SuiteRunnerWorker.java:53)
at org.testng.SuiteRunnerWorker.run(SuiteRunnerWorker.java:96)
at org.testng.TestNG.runSuitesSequentially(TestNG.java:1214)
at org.testng.TestNG.runSuitesLocally(TestNG.java:1136)
at org.testng.TestNG.runSuites(TestNG.java:1066)
at org.testng.TestNG.run(TestNG.java:1034)
at org.testng.remote.AbstractRemoteTestNG.run(AbstractRemoteTestNG.java:115)
at org.testng.remote.RemoteTestNG.initAndRun(RemoteTestNG.java:251)
at org.testng.remote.RemoteTestNG.main(RemoteTestNG.java:77)
]]>
            </full-stacktrace>
          </exception> <!-- java.io.FileNotFoundException -->
          <reporter-output>
          </reporter-output>
        </test-method> <!-- createData -->
        <test-method status="FAIL" signature="getIDData()[pri:0, instance:com.API_Testing.TestScripts.TC_02_GetPerticulerIddata@2bbf4b8b]" name="getIDData" duration-ms="2" started-at="2020-05-06T21:06:54 IST" finished-at="2020-05-06T21:06:54 IST">
          <exception class="java.io.FileNotFoundException">
            <message>
              <![CDATA[..\restassuredautomation_framwork\src\main\java\com\API_Testing\EnvironmentFiles\Environment_URI.properties (The system cannot find the path specified)]]>
            </message>
            <full-stacktrace>
              <![CDATA[java.io.FileNotFoundException: ..\restassuredautomation_framwork\src\main\java\com\API_Testing\EnvironmentFiles\Environment_URI.properties (The system cannot find the path specified)
at java.io.FileInputStream.open0(Native Method)
at java.io.FileInputStream.open(Unknown Source)
at java.io.FileInputStream.<init>(Unknown Source)
at java.io.FileInputStream.<init>(Unknown Source)
at com.API_Testing.utilities.Load_PropertiestFile.getPropertyFile(Load_PropertiestFile.java:23)
at com.API_Testing.TestScripts.TC_02_GetPerticulerIddata.getIDData(TC_02_GetPerticulerIddata.java:34)
at sun.reflect.NativeMethodAccessorImpl.invoke0(Native Method)
at sun.reflect.NativeMethodAccessorImpl.invoke(Unknown Source)
at sun.reflect.DelegatingMethodAccessorImpl.invoke(Unknown Source)
at java.lang.reflect.Method.invoke(Unknown Source)
at org.testng.internal.MethodInvocationHelper.invokeMethod(MethodInvocationHelper.java:135)
at org.testng.internal.TestInvoker.invokeMethod(TestInvoker.java:598)
at org.testng.internal.TestInvoker.invokeTestMethod(TestInvoker.java:174)
at org.testng.internal.MethodRunner.runInSequence(MethodRunner.java:46)
at org.testng.internal.TestInvoker$MethodInvocationAgent.invoke(TestInvoker.java:821)
at org.testng.internal.TestInvoker.invokeTestMethods(TestInvoker.java:147)
at org.testng.internal.TestMethodWorker.invokeTestMethods(TestMethodWorker.java:146)
at org.testng.internal.TestMethodWorker.run(TestMethodWorker.java:128)
at java.util.ArrayList.forEach(Unknown Source)
at org.testng.TestRunner.privateRun(TestRunner.java:767)
at org.testng.TestRunner.run(TestRunner.java:588)
at org.testng.SuiteRunner.runTest(SuiteRunner.java:384)
at org.testng.SuiteRunner.runSequentially(SuiteRunner.java:378)
at org.testng.SuiteRunner.privateRun(SuiteRunner.java:337)
at org.testng.SuiteRunner.run(SuiteRunner.java:286)
at org.testng.SuiteRunnerWorker.runSuite(SuiteRunnerWorker.java:53)
at org.testng.SuiteRunnerWorker.run(SuiteRunnerWorker.java:96)
at org.testng.TestNG.runSuitesSequentially(TestNG.java:1214)
at org.testng.TestNG.runSuitesLocally(TestNG.java:1136)
at org.testng.TestNG.runSuites(TestNG.java:1066)
at org.testng.TestNG.run(TestNG.java:1034)
at org.testng.remote.AbstractRemoteTestNG.run(AbstractRemoteTestNG.java:115)
at org.testng.remote.RemoteTestNG.initAndRun(RemoteTestNG.java:251)
at org.testng.remote.RemoteTestNG.main(RemoteTestNG.java:77)
]]>
            </full-stacktrace>
          </exception> <!-- java.io.FileNotFoundException -->
          <reporter-output>
          </reporter-output>
        </test-method> <!-- getIDData -->
        <test-method status="PASS" signature="jsonBody()[pri:0, instance:com.API_Testing.TestScripts.TC_02_GetPerticulerIddata@2bbf4b8b]" name="jsonBody" is-config="true" duration-ms="0" started-at="2020-05-06T21:06:54 IST" finished-at="2020-05-06T21:06:54 IST">
          <reporter-output>
          </reporter-output>
        </test-method> <!-- jsonBody -->
      </class> <!-- com.API_Testing.TestScripts.TC_02_GetPerticulerIddata -->
      <class name="com.API_Testing.TestScripts.TC_08_GetDatabyKey">
        <test-method status="FAIL" signature="fetchValuedata()[pri:0, instance:com.API_Testing.TestScripts.TC_08_GetDatabyKey@7a1ebcd8]" name="fetchValuedata" duration-ms="2" started-at="2020-05-06T21:06:49 IST" finished-at="2020-05-06T21:06:49 IST">
          <exception class="java.io.FileNotFoundException">
            <message>
              <![CDATA[..\restassuredautomation_framwork\src\test\java\com\API_Testing\Resources\dummyJsonForkey.json (The system cannot find the path specified)]]>
            </message>
            <full-stacktrace>
              <![CDATA[java.io.FileNotFoundException: ..\restassuredautomation_framwork\src\test\java\com\API_Testing\Resources\dummyJsonForkey.json (The system cannot find the path specified)
at java.io.FileInputStream.open0(Native Method)
at java.io.FileInputStream.open(Unknown Source)
at java.io.FileInputStream.<init>(Unknown Source)
at java.io.FileInputStream.<init>(Unknown Source)
at java.io.FileReader.<init>(Unknown Source)
at com.API_Testing.Payloads.AlltypeDataRead.readJsonFile(AlltypeDataRead.java:28)
at com.API_Testing.TestScripts.TC_08_GetDatabyKey.fetchValuedata(TC_08_GetDatabyKey.java:24)
at sun.reflect.NativeMethodAccessorImpl.invoke0(Native Method)
at sun.reflect.NativeMethodAccessorImpl.invoke(Unknown Source)
at sun.reflect.DelegatingMethodAccessorImpl.invoke(Unknown Source)
at java.lang.reflect.Method.invoke(Unknown Source)
at org.testng.internal.MethodInvocationHelper.invokeMethod(MethodInvocationHelper.java:135)
at org.testng.internal.TestInvoker.invokeMethod(TestInvoker.java:598)
at org.testng.internal.TestInvoker.invokeTestMethod(TestInvoker.java:174)
at org.testng.internal.MethodRunner.runInSequence(MethodRunner.java:46)
at org.testng.internal.TestInvoker$MethodInvocationAgent.invoke(TestInvoker.java:821)
at org.testng.internal.TestInvoker.invokeTestMethods(TestInvoker.java:147)
at org.testng.internal.TestMethodWorker.invokeTestMethods(TestMethodWorker.java:146)
at org.testng.internal.TestMethodWorker.run(TestMethodWorker.java:128)
at java.util.ArrayList.forEach(Unknown Source)
at org.testng.TestRunner.privateRun(TestRunner.java:767)
at org.testng.TestRunner.run(TestRunner.java:588)
at org.testng.SuiteRunner.runTest(SuiteRunner.java:384)
at org.testng.SuiteRunner.runSequentially(SuiteRunner.java:378)
at org.testng.SuiteRunner.privateRun(SuiteRunner.java:337)
at org.testng.SuiteRunner.run(SuiteRunner.java:286)
at org.testng.SuiteRunnerWorker.runSuite(SuiteRunnerWorker.java:53)
at org.testng.SuiteRunnerWorker.run(SuiteRunnerWorker.java:96)
at org.testng.TestNG.runSuitesSequentially(TestNG.java:1214)
at org.testng.TestNG.runSuitesLocally(TestNG.java:1136)
at org.testng.TestNG.runSuites(TestNG.java:1066)
at org.testng.TestNG.run(TestNG.java:1034)
at org.testng.remote.AbstractRemoteTestNG.run(AbstractRemoteTestNG.java:115)
at org.testng.remote.RemoteTestNG.initAndRun(RemoteTestNG.java:251)
at org.testng.remote.RemoteTestNG.main(RemoteTestNG.java:77)
]]>
            </full-stacktrace>
          </exception> <!-- java.io.FileNotFoundException -->
          <reporter-output>
          </reporter-output>
        </test-method> <!-- fetchValuedata -->
      </class> <!-- com.API_Testing.TestScripts.TC_08_GetDatabyKey -->
      <class name="com.API_Testing.TestScripts.TC_11_AddValueInExsitingData">
        <test-method status="FAIL" signature="addValueExsitingData()[pri:0, instance:com.API_Testing.TestScripts.TC_11_AddValueInExsitingData@458c1321]" name="addValueExsitingData" duration-ms="14" started-at="2020-05-06T21:06:49 IST" finished-at="2020-05-06T21:06:49 IST">
          <exception class="java.io.FileNotFoundException">
            <message>
              <![CDATA[..\restassuredautomation_framwork\src\test\java\com\API_Testing\Resources\dummyJsonForkey.json (The system cannot find the path specified)]]>
            </message>
            <full-stacktrace>
              <![CDATA[java.io.FileNotFoundException: ..\restassuredautomation_framwork\src\test\java\com\API_Testing\Resources\dummyJsonForkey.json (The system cannot find the path specified)
at java.io.FileInputStream.open0(Native Method)
at java.io.FileInputStream.open(Unknown Source)
at java.io.FileInputStream.<init>(Unknown Source)
at java.io.FileInputStream.<init>(Unknown Source)
at java.io.FileReader.<init>(Unknown Source)
at com.API_Testing.Payloads.AlltypeDataRead.readJsonFile(AlltypeDataRead.java:28)
at com.API_Testing.TestScripts.TC_11_AddValueInExsitingData.addValueExsitingData(TC_11_AddValueInExsitingData.java:21)
at sun.reflect.NativeMethodAccessorImpl.invoke0(Native Method)
at sun.reflect.NativeMethodAccessorImpl.invoke(Unknown Source)
at sun.reflect.DelegatingMethodAccessorImpl.invoke(Unknown Source)
at java.lang.reflect.Method.invoke(Unknown Source)
at org.testng.internal.MethodInvocationHelper.invokeMethod(MethodInvocationHelper.java:135)
at org.testng.internal.TestInvoker.invokeMethod(TestInvoker.java:598)
at org.testng.internal.TestInvoker.invokeTestMethod(TestInvoker.java:174)
at org.testng.internal.MethodRunner.runInSequence(MethodRunner.java:46)
at org.testng.internal.TestInvoker$MethodInvocationAgent.invoke(TestInvoker.java:821)
at org.testng.internal.TestInvoker.invokeTestMethods(TestInvoker.java:147)
at org.testng.internal.TestMethodWorker.invokeTestMethods(TestMethodWorker.java:146)
at org.testng.internal.TestMethodWorker.run(TestMethodWorker.java:128)
at java.util.ArrayList.forEach(Unknown Source)
at org.testng.TestRunner.privateRun(TestRunner.java:767)
at org.testng.TestRunner.run(TestRunner.java:588)
at org.testng.SuiteRunner.runTest(SuiteRunner.java:384)
at org.testng.SuiteRunner.runSequentially(SuiteRunner.java:378)
at org.testng.SuiteRunner.privateRun(SuiteRunner.java:337)
at org.testng.SuiteRunner.run(SuiteRunner.java:286)
at org.testng.SuiteRunnerWorker.runSuite(SuiteRunnerWorker.java:53)
at org.testng.SuiteRunnerWorker.run(SuiteRunnerWorker.java:96)
at org.testng.TestNG.runSuitesSequentially(TestNG.java:1214)
at org.testng.TestNG.runSuitesLocally(TestNG.java:1136)
at org.testng.TestNG.runSuites(TestNG.java:1066)
at org.testng.TestNG.run(TestNG.java:1034)
at org.testng.remote.AbstractRemoteTestNG.run(AbstractRemoteTestNG.java:115)
at org.testng.remote.RemoteTestNG.initAndRun(RemoteTestNG.java:251)
at org.testng.remote.RemoteTestNG.main(RemoteTestNG.java:77)
]]>
            </full-stacktrace>
          </exception> <!-- java.io.FileNotFoundException -->
          <reporter-output>
          </reporter-output>
        </test-method> <!-- addValueExsitingData -->
      </class> <!-- com.API_Testing.TestScripts.TC_11_AddValueInExsitingData -->
      <class name="com.API_Testing.TestScripts.TC_01_PostMethods">
        <test-method status="PASS" signature="jsonBody()[pri:0, instance:com.API_Testing.TestScripts.TC_01_PostMethods@11438d26]" name="jsonBody" is-config="true" duration-ms="6" started-at="2020-05-06T21:06:49 IST" finished-at="2020-05-06T21:06:49 IST">
          <reporter-output>
          </reporter-output>
        </test-method> <!-- jsonBody -->
        <test-method status="FAIL" signature="createData()[pri:0, instance:com.API_Testing.TestScripts.TC_01_PostMethods@11438d26]" name="createData" duration-ms="2" started-at="2020-05-06T21:06:49 IST" finished-at="2020-05-06T21:06:49 IST">
          <exception class="java.io.FileNotFoundException">
            <message>
              <![CDATA[..\restassuredautomation_framwork\src\main\java\com\API_Testing\EnvironmentFiles\Environment_URI.properties (The system cannot find the path specified)]]>
            </message>
            <full-stacktrace>
              <![CDATA[java.io.FileNotFoundException: ..\restassuredautomation_framwork\src\main\java\com\API_Testing\EnvironmentFiles\Environment_URI.properties (The system cannot find the path specified)
at java.io.FileInputStream.open0(Native Method)
at java.io.FileInputStream.open(Unknown Source)
at java.io.FileInputStream.<init>(Unknown Source)
at java.io.FileInputStream.<init>(Unknown Source)
at com.API_Testing.utilities.Load_PropertiestFile.getPropertyFile(Load_PropertiestFile.java:23)
at com.API_Testing.TestScripts.TC_01_PostMethods.createData(TC_01_PostMethods.java:51)
at sun.reflect.NativeMethodAccessorImpl.invoke0(Native Method)
at sun.reflect.NativeMethodAccessorImpl.invoke(Unknown Source)
at sun.reflect.DelegatingMethodAccessorImpl.invoke(Unknown Source)
at java.lang.reflect.Method.invoke(Unknown Source)
at org.testng.internal.MethodInvocationHelper.invokeMethod(MethodInvocationHelper.java:135)
at org.testng.internal.TestInvoker.invokeMethod(TestInvoker.java:598)
at org.testng.internal.TestInvoker.invokeTestMethod(TestInvoker.java:174)
at org.testng.internal.MethodRunner.runInSequence(MethodRunner.java:46)
at org.testng.internal.TestInvoker$MethodInvocationAgent.invoke(TestInvoker.java:821)
at org.testng.internal.TestInvoker.invokeTestMethods(TestInvoker.java:147)
at org.testng.internal.TestMethodWorker.invokeTestMethods(TestMethodWorker.java:146)
at org.testng.internal.TestMethodWorker.run(TestMethodWorker.java:128)
at java.util.ArrayList.forEach(Unknown Source)
at org.testng.TestRunner.privateRun(TestRunner.java:767)
at org.testng.TestRunner.run(TestRunner.java:588)
at org.testng.SuiteRunner.runTest(SuiteRunner.java:384)
at org.testng.SuiteRunner.runSequentially(SuiteRunner.java:378)
at org.testng.SuiteRunner.privateRun(SuiteRunner.java:337)
at org.testng.SuiteRunner.run(SuiteRunner.java:286)
at org.testng.SuiteRunnerWorker.runSuite(SuiteRunnerWorker.java:53)
at org.testng.SuiteRunnerWorker.run(SuiteRunnerWorker.java:96)
at org.testng.TestNG.runSuitesSequentially(TestNG.java:1214)
at org.testng.TestNG.runSuitesLocally(TestNG.java:1136)
at org.testng.TestNG.runSuites(TestNG.java:1066)
at org.testng.TestNG.run(TestNG.java:1034)
at org.testng.remote.AbstractRemoteTestNG.run(AbstractRemoteTestNG.java:115)
at org.testng.remote.RemoteTestNG.initAndRun(RemoteTestNG.java:251)
at org.testng.remote.RemoteTestNG.main(RemoteTestNG.java:77)
]]>
            </full-stacktrace>
          </exception> <!-- java.io.FileNotFoundException -->
          <reporter-output>
          </reporter-output>
        </test-method> <!-- createData -->
      </class> <!-- com.API_Testing.TestScripts.TC_01_PostMethods -->
      <class name="com.API_Testing.TestScripts.TC_10_PostDataUsingPojo">
        <test-method status="PASS" signature="createPojoBody()[pri:0, instance:com.API_Testing.TestScripts.TC_10_PostDataUsingPojo@34cd072c]" name="createPojoBody" is-config="true" duration-ms="1" started-at="2020-05-06T21:06:49 IST" finished-at="2020-05-06T21:06:49 IST">
          <reporter-output>
          </reporter-output>
        </test-method> <!-- createPojoBody -->
        <test-method status="FAIL" signature="pojoPostTest()[pri:0, instance:com.API_Testing.TestScripts.TC_10_PostDataUsingPojo@34cd072c]" name="pojoPostTest" duration-ms="3" started-at="2020-05-06T21:06:49 IST" finished-at="2020-05-06T21:06:49 IST">
          <exception class="java.io.FileNotFoundException">
            <message>
              <![CDATA[..\restassuredautomation_framwork\src\main\java\com\API_Testing\EnvironmentFiles\Environment_URI.properties (The system cannot find the path specified)]]>
            </message>
            <full-stacktrace>
              <![CDATA[java.io.FileNotFoundException: ..\restassuredautomation_framwork\src\main\java\com\API_Testing\EnvironmentFiles\Environment_URI.properties (The system cannot find the path specified)
at java.io.FileInputStream.open0(Native Method)
at java.io.FileInputStream.open(Unknown Source)
at java.io.FileInputStream.<init>(Unknown Source)
at java.io.FileInputStream.<init>(Unknown Source)
at com.API_Testing.utilities.Load_PropertiestFile.getPropertyFile(Load_PropertiestFile.java:23)
at com.API_Testing.TestScripts.TC_10_PostDataUsingPojo.pojoPostTest(TC_10_PostDataUsingPojo.java:57)
at sun.reflect.NativeMethodAccessorImpl.invoke0(Native Method)
at sun.reflect.NativeMethodAccessorImpl.invoke(Unknown Source)
at sun.reflect.DelegatingMethodAccessorImpl.invoke(Unknown Source)
at java.lang.reflect.Method.invoke(Unknown Source)
at org.testng.internal.MethodInvocationHelper.invokeMethod(MethodInvocationHelper.java:135)
at org.testng.internal.TestInvoker.invokeMethod(TestInvoker.java:598)
at org.testng.internal.TestInvoker.invokeTestMethod(TestInvoker.java:174)
at org.testng.internal.MethodRunner.runInSequence(MethodRunner.java:46)
at org.testng.internal.TestInvoker$MethodInvocationAgent.invoke(TestInvoker.java:821)
at org.testng.internal.TestInvoker.invokeTestMethods(TestInvoker.java:147)
at org.testng.internal.TestMethodWorker.invokeTestMethods(TestMethodWorker.java:146)
at org.testng.internal.TestMethodWorker.run(TestMethodWorker.java:128)
at java.util.ArrayList.forEach(Unknown Source)
at org.testng.TestRunner.privateRun(TestRunner.java:767)
at org.testng.TestRunner.run(TestRunner.java:588)
at org.testng.SuiteRunner.runTest(SuiteRunner.java:384)
at org.testng.SuiteRunner.runSequentially(SuiteRunner.java:378)
at org.testng.SuiteRunner.privateRun(SuiteRunner.java:337)
at org.testng.SuiteRunner.run(SuiteRunner.java:286)
at org.testng.SuiteRunnerWorker.runSuite(SuiteRunnerWorker.java:53)
at org.testng.SuiteRunnerWorker.run(SuiteRunnerWorker.java:96)
at org.testng.TestNG.runSuitesSequentially(TestNG.java:1214)
at org.testng.TestNG.runSuitesLocally(TestNG.java:1136)
at org.testng.TestNG.runSuites(TestNG.java:1066)
at org.testng.TestNG.run(TestNG.java:1034)
at org.testng.remote.AbstractRemoteTestNG.run(AbstractRemoteTestNG.java:115)
at org.testng.remote.RemoteTestNG.initAndRun(RemoteTestNG.java:251)
at org.testng.remote.RemoteTestNG.main(RemoteTestNG.java:77)
]]>
            </full-stacktrace>
          </exception> <!-- java.io.FileNotFoundException -->
          <reporter-output>
          </reporter-output>
        </test-method> <!-- pojoPostTest -->
      </class> <!-- com.API_Testing.TestScripts.TC_10_PostDataUsingPojo -->
      <class name="com.API_Testing.TestScripts.TC_05_DeleteRequestData">
        <test-method status="PASS" signature="jsonBody()[pri:0, instance:com.API_Testing.TestScripts.TC_05_DeleteRequestData@30a3107a]" name="jsonBody" is-config="true" duration-ms="1" started-at="2020-05-06T21:06:54 IST" finished-at="2020-05-06T21:06:54 IST">
          <reporter-output>
          </reporter-output>
        </test-method> <!-- jsonBody -->
        <test-method status="FAIL" signature="createData()[pri:0, instance:com.API_Testing.TestScripts.TC_05_DeleteRequestData@30a3107a]" name="createData" duration-ms="3" started-at="2020-05-06T21:06:54 IST" finished-at="2020-05-06T21:06:54 IST">
          <exception class="java.io.FileNotFoundException">
            <message>
              <![CDATA[..\restassuredautomation_framwork\src\main\java\com\API_Testing\EnvironmentFiles\Environment_URI.properties (The system cannot find the path specified)]]>
            </message>
            <full-stacktrace>
              <![CDATA[java.io.FileNotFoundException: ..\restassuredautomation_framwork\src\main\java\com\API_Testing\EnvironmentFiles\Environment_URI.properties (The system cannot find the path specified)
at java.io.FileInputStream.open0(Native Method)
at java.io.FileInputStream.open(Unknown Source)
at java.io.FileInputStream.<init>(Unknown Source)
at java.io.FileInputStream.<init>(Unknown Source)
at com.API_Testing.utilities.Load_PropertiestFile.getPropertyFile(Load_PropertiestFile.java:23)
at com.API_Testing.TestScripts.TC_01_PostMethods.createData(TC_01_PostMethods.java:51)
at sun.reflect.NativeMethodAccessorImpl.invoke0(Native Method)
at sun.reflect.NativeMethodAccessorImpl.invoke(Unknown Source)
at sun.reflect.DelegatingMethodAccessorImpl.invoke(Unknown Source)
at java.lang.reflect.Method.invoke(Unknown Source)
at org.testng.internal.MethodInvocationHelper.invokeMethod(MethodInvocationHelper.java:135)
at org.testng.internal.TestInvoker.invokeMethod(TestInvoker.java:598)
at org.testng.internal.TestInvoker.invokeTestMethod(TestInvoker.java:174)
at org.testng.internal.MethodRunner.runInSequence(MethodRunner.java:46)
at org.testng.internal.TestInvoker$MethodInvocationAgent.invoke(TestInvoker.java:821)
at org.testng.internal.TestInvoker.invokeTestMethods(TestInvoker.java:147)
at org.testng.internal.TestMethodWorker.invokeTestMethods(TestMethodWorker.java:146)
at org.testng.internal.TestMethodWorker.run(TestMethodWorker.java:128)
at java.util.ArrayList.forEach(Unknown Source)
at org.testng.TestRunner.privateRun(TestRunner.java:767)
at org.testng.TestRunner.run(TestRunner.java:588)
at org.testng.SuiteRunner.runTest(SuiteRunner.java:384)
at org.testng.SuiteRunner.runSequentially(SuiteRunner.java:378)
at org.testng.SuiteRunner.privateRun(SuiteRunner.java:337)
at org.testng.SuiteRunner.run(SuiteRunner.java:286)
at org.testng.SuiteRunnerWorker.runSuite(SuiteRunnerWorker.java:53)
at org.testng.SuiteRunnerWorker.run(SuiteRunnerWorker.java:96)
at org.testng.TestNG.runSuitesSequentially(TestNG.java:1214)
at org.testng.TestNG.runSuitesLocally(TestNG.java:1136)
at org.testng.TestNG.runSuites(TestNG.java:1066)
at org.testng.TestNG.run(TestNG.java:1034)
at org.testng.remote.AbstractRemoteTestNG.run(AbstractRemoteTestNG.java:115)
at org.testng.remote.RemoteTestNG.initAndRun(RemoteTestNG.java:251)
at org.testng.remote.RemoteTestNG.main(RemoteTestNG.java:77)
]]>
            </full-stacktrace>
          </exception> <!-- java.io.FileNotFoundException -->
          <reporter-output>
          </reporter-output>
        </test-method> <!-- createData -->
        <test-method status="PASS" signature="jsonBody()[pri:0, instance:com.API_Testing.TestScripts.TC_05_DeleteRequestData@30a3107a]" name="jsonBody" is-config="true" duration-ms="1" started-at="2020-05-06T21:06:54 IST" finished-at="2020-05-06T21:06:54 IST">
          <reporter-output>
          </reporter-output>
        </test-method> <!-- jsonBody -->
        <test-method status="FAIL" signature="deleteData()[pri:0, instance:com.API_Testing.TestScripts.TC_05_DeleteRequestData@30a3107a]" name="deleteData" duration-ms="2" started-at="2020-05-06T21:06:54 IST" finished-at="2020-05-06T21:06:54 IST">
          <exception class="java.io.FileNotFoundException">
            <message>
              <![CDATA[..\restassuredautomation_framwork\src\main\java\com\API_Testing\EnvironmentFiles\Environment_URI.properties (The system cannot find the path specified)]]>
            </message>
            <full-stacktrace>
              <![CDATA[java.io.FileNotFoundException: ..\restassuredautomation_framwork\src\main\java\com\API_Testing\EnvironmentFiles\Environment_URI.properties (The system cannot find the path specified)
at java.io.FileInputStream.open0(Native Method)
at java.io.FileInputStream.open(Unknown Source)
at java.io.FileInputStream.<init>(Unknown Source)
at java.io.FileInputStream.<init>(Unknown Source)
at com.API_Testing.utilities.Load_PropertiestFile.getPropertyFile(Load_PropertiestFile.java:23)
at com.API_Testing.TestScripts.TC_05_DeleteRequestData.deleteData(TC_05_DeleteRequestData.java:25)
at sun.reflect.NativeMethodAccessorImpl.invoke0(Native Method)
at sun.reflect.NativeMethodAccessorImpl.invoke(Unknown Source)
at sun.reflect.DelegatingMethodAccessorImpl.invoke(Unknown Source)
at java.lang.reflect.Method.invoke(Unknown Source)
at org.testng.internal.MethodInvocationHelper.invokeMethod(MethodInvocationHelper.java:135)
at org.testng.internal.TestInvoker.invokeMethod(TestInvoker.java:598)
at org.testng.internal.TestInvoker.invokeTestMethod(TestInvoker.java:174)
at org.testng.internal.MethodRunner.runInSequence(MethodRunner.java:46)
at org.testng.internal.TestInvoker$MethodInvocationAgent.invoke(TestInvoker.java:821)
at org.testng.internal.TestInvoker.invokeTestMethods(TestInvoker.java:147)
at org.testng.internal.TestMethodWorker.invokeTestMethods(TestMethodWorker.java:146)
at org.testng.internal.TestMethodWorker.run(TestMethodWorker.java:128)
at java.util.ArrayList.forEach(Unknown Source)
at org.testng.TestRunner.privateRun(TestRunner.java:767)
at org.testng.TestRunner.run(TestRunner.java:588)
at org.testng.SuiteRunner.runTest(SuiteRunner.java:384)
at org.testng.SuiteRunner.runSequentially(SuiteRunner.java:378)
at org.testng.SuiteRunner.privateRun(SuiteRunner.java:337)
at org.testng.SuiteRunner.run(SuiteRunner.java:286)
at org.testng.SuiteRunnerWorker.runSuite(SuiteRunnerWorker.java:53)
at org.testng.SuiteRunnerWorker.run(SuiteRunnerWorker.java:96)
at org.testng.TestNG.runSuitesSequentially(TestNG.java:1214)
at org.testng.TestNG.runSuitesLocally(TestNG.java:1136)
at org.testng.TestNG.runSuites(TestNG.java:1066)
at org.testng.TestNG.run(TestNG.java:1034)
at org.testng.remote.AbstractRemoteTestNG.run(AbstractRemoteTestNG.java:115)
at org.testng.remote.RemoteTestNG.initAndRun(RemoteTestNG.java:251)
at org.testng.remote.RemoteTestNG.main(RemoteTestNG.java:77)
]]>
            </full-stacktrace>
          </exception> <!-- java.io.FileNotFoundException -->
          <reporter-output>
          </reporter-output>
        </test-method> <!-- deleteData -->
      </class> <!-- com.API_Testing.TestScripts.TC_05_DeleteRequestData -->
      <class name="com.API_Testing.TestScripts.TC_09CompareJSonTwoFile">
        <test-method status="FAIL" signature="comparetoJson()[pri:0, instance:com.API_Testing.TestScripts.TC_09CompareJSonTwoFile@34c4973]" name="comparetoJson" duration-ms="2" started-at="2020-05-06T21:06:54 IST" finished-at="2020-05-06T21:06:54 IST">
          <exception class="java.io.FileNotFoundException">
            <message>
              <![CDATA[..\restassuredautomation_framwork\src\test\java\com\API_Testing\Resources\JSONforCompare1.json (The system cannot find the path specified)]]>
            </message>
            <full-stacktrace>
              <![CDATA[java.io.FileNotFoundException: ..\restassuredautomation_framwork\src\test\java\com\API_Testing\Resources\JSONforCompare1.json (The system cannot find the path specified)
at java.io.FileInputStream.open0(Native Method)
at java.io.FileInputStream.open(Unknown Source)
at java.io.FileInputStream.<init>(Unknown Source)
at java.io.FileInputStream.<init>(Unknown Source)
at java.io.FileReader.<init>(Unknown Source)
at com.API_Testing.Payloads.AlltypeDataRead.readJsonFile(AlltypeDataRead.java:28)
at com.API_Testing.TestScripts.TC_09CompareJSonTwoFile.comparetoJson(TC_09CompareJSonTwoFile.java:23)
at sun.reflect.NativeMethodAccessorImpl.invoke0(Native Method)
at sun.reflect.NativeMethodAccessorImpl.invoke(Unknown Source)
at sun.reflect.DelegatingMethodAccessorImpl.invoke(Unknown Source)
at java.lang.reflect.Method.invoke(Unknown Source)
at org.testng.internal.MethodInvocationHelper.invokeMethod(MethodInvocationHelper.java:135)
at org.testng.internal.TestInvoker.invokeMethod(TestInvoker.java:598)
at org.testng.internal.TestInvoker.invokeTestMethod(TestInvoker.java:174)
at org.testng.internal.MethodRunner.runInSequence(MethodRunner.java:46)
at org.testng.internal.TestInvoker$MethodInvocationAgent.invoke(TestInvoker.java:821)
at org.testng.internal.TestInvoker.invokeTestMethods(TestInvoker.java:147)
at org.testng.internal.TestMethodWorker.invokeTestMethods(TestMethodWorker.java:146)
at org.testng.internal.TestMethodWorker.run(TestMethodWorker.java:128)
at java.util.ArrayList.forEach(Unknown Source)
at org.testng.TestRunner.privateRun(TestRunner.java:767)
at org.testng.TestRunner.run(TestRunner.java:588)
at org.testng.SuiteRunner.runTest(SuiteRunner.java:384)
at org.testng.SuiteRunner.runSequentially(SuiteRunner.java:378)
at org.testng.SuiteRunner.privateRun(SuiteRunner.java:337)
at org.testng.SuiteRunner.run(SuiteRunner.java:286)
at org.testng.SuiteRunnerWorker.runSuite(SuiteRunnerWorker.java:53)
at org.testng.SuiteRunnerWorker.run(SuiteRunnerWorker.java:96)
at org.testng.TestNG.runSuitesSequentially(TestNG.java:1214)
at org.testng.TestNG.runSuitesLocally(TestNG.java:1136)
at org.testng.TestNG.runSuites(TestNG.java:1066)
at org.testng.TestNG.run(TestNG.java:1034)
at org.testng.remote.AbstractRemoteTestNG.run(AbstractRemoteTestNG.java:115)
at org.testng.remote.RemoteTestNG.initAndRun(RemoteTestNG.java:251)
at org.testng.remote.RemoteTestNG.main(RemoteTestNG.java:77)
]]>
            </full-stacktrace>
          </exception> <!-- java.io.FileNotFoundException -->
          <reporter-output>
          </reporter-output>
        </test-method> <!-- comparetoJson -->
      </class> <!-- com.API_Testing.TestScripts.TC_09CompareJSonTwoFile -->
      <class name="com.API_Testing.TestScripts.TC_04_PatchRequest">
        <test-method status="PASS" signature="jsonBody()[pri:0, instance:com.API_Testing.TestScripts.TC_04_PatchRequest@33c7e1bb]" name="jsonBody" is-config="true" duration-ms="0" started-at="2020-05-06T21:06:54 IST" finished-at="2020-05-06T21:06:54 IST">
          <reporter-output>
          </reporter-output>
        </test-method> <!-- jsonBody -->
        <test-method status="PASS" signature="dataForUpdate()[pri:0, instance:com.API_Testing.TestScripts.TC_04_PatchRequest@33c7e1bb]" name="dataForUpdate" is-config="true" duration-ms="0" started-at="2020-05-06T21:06:54 IST" finished-at="2020-05-06T21:06:54 IST">
          <reporter-output>
          </reporter-output>
        </test-method> <!-- dataForUpdate -->
        <test-method status="FAIL" signature="createData()[pri:0, instance:com.API_Testing.TestScripts.TC_04_PatchRequest@33c7e1bb]" name="createData" duration-ms="4" started-at="2020-05-06T21:06:54 IST" finished-at="2020-05-06T21:06:54 IST">
          <exception class="java.io.FileNotFoundException">
            <message>
              <![CDATA[..\restassuredautomation_framwork\src\main\java\com\API_Testing\EnvironmentFiles\Environment_URI.properties (The system cannot find the path specified)]]>
            </message>
            <full-stacktrace>
              <![CDATA[java.io.FileNotFoundException: ..\restassuredautomation_framwork\src\main\java\com\API_Testing\EnvironmentFiles\Environment_URI.properties (The system cannot find the path specified)
at java.io.FileInputStream.open0(Native Method)
at java.io.FileInputStream.open(Unknown Source)
at java.io.FileInputStream.<init>(Unknown Source)
at java.io.FileInputStream.<init>(Unknown Source)
at com.API_Testing.utilities.Load_PropertiestFile.getPropertyFile(Load_PropertiestFile.java:23)
at com.API_Testing.TestScripts.TC_01_PostMethods.createData(TC_01_PostMethods.java:51)
at sun.reflect.NativeMethodAccessorImpl.invoke0(Native Method)
at sun.reflect.NativeMethodAccessorImpl.invoke(Unknown Source)
at sun.reflect.DelegatingMethodAccessorImpl.invoke(Unknown Source)
at java.lang.reflect.Method.invoke(Unknown Source)
at org.testng.internal.MethodInvocationHelper.invokeMethod(MethodInvocationHelper.java:135)
at org.testng.internal.TestInvoker.invokeMethod(TestInvoker.java:598)
at org.testng.internal.TestInvoker.invokeTestMethod(TestInvoker.java:174)
at org.testng.internal.MethodRunner.runInSequence(MethodRunner.java:46)
at org.testng.internal.TestInvoker$MethodInvocationAgent.invoke(TestInvoker.java:821)
at org.testng.internal.TestInvoker.invokeTestMethods(TestInvoker.java:147)
at org.testng.internal.TestMethodWorker.invokeTestMethods(TestMethodWorker.java:146)
at org.testng.internal.TestMethodWorker.run(TestMethodWorker.java:128)
at java.util.ArrayList.forEach(Unknown Source)
at org.testng.TestRunner.privateRun(TestRunner.java:767)
at org.testng.TestRunner.run(TestRunner.java:588)
at org.testng.SuiteRunner.runTest(SuiteRunner.java:384)
at org.testng.SuiteRunner.runSequentially(SuiteRunner.java:378)
at org.testng.SuiteRunner.privateRun(SuiteRunner.java:337)
at org.testng.SuiteRunner.run(SuiteRunner.java:286)
at org.testng.SuiteRunnerWorker.runSuite(SuiteRunnerWorker.java:53)
at org.testng.SuiteRunnerWorker.run(SuiteRunnerWorker.java:96)
at org.testng.TestNG.runSuitesSequentially(TestNG.java:1214)
at org.testng.TestNG.runSuitesLocally(TestNG.java:1136)
at org.testng.TestNG.runSuites(TestNG.java:1066)
at org.testng.TestNG.run(TestNG.java:1034)
at org.testng.remote.AbstractRemoteTestNG.run(AbstractRemoteTestNG.java:115)
at org.testng.remote.RemoteTestNG.initAndRun(RemoteTestNG.java:251)
at org.testng.remote.RemoteTestNG.main(RemoteTestNG.java:77)
]]>
            </full-stacktrace>
          </exception> <!-- java.io.FileNotFoundException -->
          <reporter-output>
          </reporter-output>
        </test-method> <!-- createData -->
        <test-method status="PASS" signature="jsonBody()[pri:0, instance:com.API_Testing.TestScripts.TC_04_PatchRequest@33c7e1bb]" name="jsonBody" is-config="true" duration-ms="1" started-at="2020-05-06T21:06:54 IST" finished-at="2020-05-06T21:06:54 IST">
          <reporter-output>
          </reporter-output>
        </test-method> <!-- jsonBody -->
        <test-method status="FAIL" signature="updateSpecificData()[pri:0, instance:com.API_Testing.TestScripts.TC_04_PatchRequest@33c7e1bb]" name="updateSpecificData" duration-ms="6" started-at="2020-05-06T21:06:54 IST" finished-at="2020-05-06T21:06:54 IST">
          <exception class="java.io.FileNotFoundException">
            <message>
              <![CDATA[..\restassuredautomation_framwork\src\main\java\com\API_Testing\EnvironmentFiles\Environment_URI.properties (The system cannot find the path specified)]]>
            </message>
            <full-stacktrace>
              <![CDATA[java.io.FileNotFoundException: ..\restassuredautomation_framwork\src\main\java\com\API_Testing\EnvironmentFiles\Environment_URI.properties (The system cannot find the path specified)
at java.io.FileInputStream.open0(Native Method)
at java.io.FileInputStream.open(Unknown Source)
at java.io.FileInputStream.<init>(Unknown Source)
at java.io.FileInputStream.<init>(Unknown Source)
at com.API_Testing.utilities.Load_PropertiestFile.getPropertyFile(Load_PropertiestFile.java:23)
at com.API_Testing.TestScripts.TC_04_PatchRequest.updateSpecificData(TC_04_PatchRequest.java:33)
at sun.reflect.NativeMethodAccessorImpl.invoke0(Native Method)
at sun.reflect.NativeMethodAccessorImpl.invoke(Unknown Source)
at sun.reflect.DelegatingMethodAccessorImpl.invoke(Unknown Source)
at java.lang.reflect.Method.invoke(Unknown Source)
at org.testng.internal.MethodInvocationHelper.invokeMethod(MethodInvocationHelper.java:135)
at org.testng.internal.TestInvoker.invokeMethod(TestInvoker.java:598)
at org.testng.internal.TestInvoker.invokeTestMethod(TestInvoker.java:174)
at org.testng.internal.MethodRunner.runInSequence(MethodRunner.java:46)
at org.testng.internal.TestInvoker$MethodInvocationAgent.invoke(TestInvoker.java:821)
at org.testng.internal.TestInvoker.invokeTestMethods(TestInvoker.java:147)
at org.testng.internal.TestMethodWorker.invokeTestMethods(TestMethodWorker.java:146)
at org.testng.internal.TestMethodWorker.run(TestMethodWorker.java:128)
at java.util.ArrayList.forEach(Unknown Source)
at org.testng.TestRunner.privateRun(TestRunner.java:767)
at org.testng.TestRunner.run(TestRunner.java:588)
at org.testng.SuiteRunner.runTest(SuiteRunner.java:384)
at org.testng.SuiteRunner.runSequentially(SuiteRunner.java:378)
at org.testng.SuiteRunner.privateRun(SuiteRunner.java:337)
at org.testng.SuiteRunner.run(SuiteRunner.java:286)
at org.testng.SuiteRunnerWorker.runSuite(SuiteRunnerWorker.java:53)
at org.testng.SuiteRunnerWorker.run(SuiteRunnerWorker.java:96)
at org.testng.TestNG.runSuitesSequentially(TestNG.java:1214)
at org.testng.TestNG.runSuitesLocally(TestNG.java:1136)
at org.testng.TestNG.runSuites(TestNG.java:1066)
at org.testng.TestNG.run(TestNG.java:1034)
at org.testng.remote.AbstractRemoteTestNG.run(AbstractRemoteTestNG.java:115)
at org.testng.remote.RemoteTestNG.initAndRun(RemoteTestNG.java:251)
at org.testng.remote.RemoteTestNG.main(RemoteTestNG.java:77)
]]>
            </full-stacktrace>
          </exception> <!-- java.io.FileNotFoundException -->
          <reporter-output>
          </reporter-output>
        </test-method> <!-- updateSpecificData -->
        <test-method status="PASS" signature="dataForUpdate()[pri:0, instance:com.API_Testing.TestScripts.TC_04_PatchRequest@33c7e1bb]" name="dataForUpdate" is-config="true" duration-ms="0" started-at="2020-05-06T21:06:54 IST" finished-at="2020-05-06T21:06:54 IST">
          <reporter-output>
          </reporter-output>
        </test-method> <!-- dataForUpdate -->
      </class> <!-- com.API_Testing.TestScripts.TC_04_PatchRequest -->
    </test> <!-- Test -->
  </suite> <!-- Suite -->
</testng-results>
